d:\cpp\directx\directx\engine\binary\gameengine_debug.pdb
d:\cpp\directx\directx\engine\binary\gameengine_debug.idb
d:\cpp\directx\directx\obj\gameengine\worldmanager.obj
d:\cpp\directx\directx\obj\gameengine\world.obj
d:\cpp\directx\directx\obj\gameengine\vector4.obj
d:\cpp\directx\directx\obj\gameengine\vector3.obj
d:\cpp\directx\directx\obj\gameengine\timer.obj
d:\cpp\directx\directx\obj\gameengine\object.obj
d:\cpp\directx\directx\obj\gameengine\engine.obj
d:\cpp\directx\directx\obj\gameengine\device.obj
d:\cpp\directx\directx\obj\gameengine\meshmanager.obj
d:\cpp\directx\directx\obj\gameengine\mesh.obj
d:\cpp\directx\directx\obj\gameengine\assetmanager.obj
d:\cpp\directx\directx\obj\gameengine\shadercolor2d.obj
d:\cpp\directx\directx\obj\gameengine\shader.obj
d:\cpp\directx\directx\obj\gameengine\graphicshader.obj
d:\cpp\directx\directx\obj\gameengine\pathmanager.obj
d:\cpp\directx\directx\obj\gameengine\shadermanager.obj
d:\cpp\directx\directx\engine\binary\gameengine_debug.lib
d:\cpp\directx\directx\obj\gameengine\gameengine.tlog\cl.command.1.tlog
d:\cpp\directx\directx\obj\gameengine\gameengine.tlog\cl.items.tlog
d:\cpp\directx\directx\obj\gameengine\gameengine.tlog\cl.read.1.tlog
d:\cpp\directx\directx\obj\gameengine\gameengine.tlog\cl.write.1.tlog
d:\cpp\directx\directx\obj\gameengine\gameengine.tlog\fxc.command.1.tlog
d:\cpp\directx\directx\obj\gameengine\gameengine.tlog\fxc.read.1.tlog
d:\cpp\directx\directx\obj\gameengine\gameengine.tlog\lib-link.read.1.tlog
d:\cpp\directx\directx\obj\gameengine\gameengine.tlog\lib-link.write.1.tlog
d:\cpp\directx\directx\obj\gameengine\gameengine.tlog\lib.command.1.tlog
